<?xml version="1.0" encoding="UTF-8"?>
<testng-results total="1" passed="1" failed="0" skipped="0">
  <reporter-output>
  </reporter-output>
  <suite started-at="2020-10-23T11:51:59Z" name="Suite" finished-at="2020-10-23T11:52:17Z" duration-ms="18205">
    <groups>
      <group name="cucumber">
        <method signature="AbstractTestNGCucumberTests.feature(cucumber.api.testng.CucumberFeatureWrapper)[pri:0, instance:cucumberOptions.TestRunner@290222c1]" name="feature" class="cucumber.api.testng.AbstractTestNGCucumberTests"/>
      </group> <!-- cucumber -->
    </groups>
    <test started-at="2020-10-23T11:51:59Z" name="Amazon Application Login" finished-at="2020-10-23T11:52:17Z" duration-ms="18205">
      <class name="cucumberOptions.TestRunner">
        <test-method is-config="true" signature="setUpClass()[pri:0, instance:cucumberOptions.TestRunner@290222c1]" started-at="2020-10-23T17:21:59Z" name="setUpClass" finished-at="2020-10-23T17:21:59Z" duration-ms="171" status="PASS">
          <reporter-output>
          </reporter-output>
        </test-method> <!-- setUpClass -->
        <test-method signature="feature(cucumber.api.testng.CucumberFeatureWrapper)[pri:0, instance:cucumberOptions.TestRunner@290222c1]" started-at="2020-10-23T17:21:59Z" name="feature" description="Runs Cucumber Feature" data-provider="features" finished-at="2020-10-23T17:22:17Z" duration-ms="17968" status="PASS">
          <params>
            <param index="0">
              <value>
                <![CDATA[Amazon Application Login]]>
              </value>
            </param>
          </params>
          <reporter-output>
          </reporter-output>
        </test-method> <!-- feature -->
        <test-method is-config="true" signature="tearDownClass()[pri:0, instance:cucumberOptions.TestRunner@290222c1]" started-at="2020-10-23T17:22:17Z" name="tearDownClass" finished-at="2020-10-23T17:22:17Z" duration-ms="3" status="PASS">
          <reporter-output>
          </reporter-output>
        </test-method> <!-- tearDownClass -->
      </class> <!-- cucumberOptions.TestRunner -->
    </test> <!-- Amazon Application Login -->
  </suite> <!-- Suite -->
</testng-results>
